[1.091s] DEBUG:colcon:Command line arguments: ['/usr/bin/colcon', 'build', '--packages-select', 'mas_solarsystem']
[1.091s] DEBUG:colcon:Parsed command line arguments: Namespace(log_base=None, log_level=None, verb_name='build', build_base='build', install_base='install', merge_install=False, symlink_install=False, test_result_base=None, continue_on_error=False, executor='parallel', parallel_workers=2, event_handlers=None, ignore_user_meta=False, metas=['./colcon.meta'], base_paths=['.'], packages_ignore=None, packages_ignore_regex=None, paths=None, packages_up_to=None, packages_up_to_regex=None, packages_above=None, packages_above_and_dependencies=None, packages_above_depth=None, packages_select_by_dep=None, packages_skip_by_dep=None, packages_skip_up_to=None, packages_select_build_failed=False, packages_skip_build_finished=False, packages_select_test_failures=False, packages_skip_test_passed=False, packages_select=['mas_solarsystem'], packages_skip=None, packages_select_regex=None, packages_skip_regex=None, packages_start=None, packages_end=None, allow_overriding=[], cmake_args=None, cmake_target=None, cmake_target_skip_unavailable=False, cmake_clean_cache=False, cmake_clean_first=False, cmake_force_configure=False, ament_cmake_args=None, catkin_cmake_args=None, catkin_skip_building_tests=False, verb_parser=<colcon_defaults.argument_parser.defaults.DefaultArgumentsDecorator object at 0x7fe35b0d3be0>, verb_extension=<colcon_core.verb.build.BuildVerb object at 0x7fe35b873010>, main=<bound method BuildVerb.main of <colcon_core.verb.build.BuildVerb object at 0x7fe35b873010>>)
[1.177s] Level 1:colcon.colcon_core.package_discovery:discover_packages(colcon_meta) check parameters
[1.177s] Level 1:colcon.colcon_core.package_discovery:discover_packages(recursive) check parameters
[1.177s] Level 1:colcon.colcon_core.package_discovery:discover_packages(ignore) check parameters
[1.177s] Level 1:colcon.colcon_core.package_discovery:discover_packages(path) check parameters
[1.177s] Level 1:colcon.colcon_core.package_discovery:discover_packages(colcon_meta) discover
[1.177s] Level 1:colcon.colcon_core.package_discovery:discover_packages(recursive) discover
[1.177s] INFO:colcon.colcon_core.package_discovery:Crawling recursively for packages in '/home/khaled/workspace/ros2ws/src/ros2/mas_solarsystem'
[1.178s] Level 1:colcon.colcon_core.package_identification:_identify(.) by extensions ['ignore', 'ignore_ament_install']
[1.178s] Level 1:colcon.colcon_core.package_identification:_identify(.) by extension 'ignore'
[1.178s] Level 1:colcon.colcon_core.package_identification:_identify(.) by extension 'ignore_ament_install'
[1.178s] Level 1:colcon.colcon_core.package_identification:_identify(.) by extensions ['colcon_pkg']
[1.178s] Level 1:colcon.colcon_core.package_identification:_identify(.) by extension 'colcon_pkg'
[1.178s] Level 1:colcon.colcon_core.package_identification:_identify(.) by extensions ['colcon_meta']
[1.178s] Level 1:colcon.colcon_core.package_identification:_identify(.) by extension 'colcon_meta'
[1.178s] Level 1:colcon.colcon_core.package_identification:_identify(.) by extensions ['ros']
[1.178s] Level 1:colcon.colcon_core.package_identification:_identify(.) by extension 'ros'
[1.223s] DEBUG:colcon.colcon_core.package_identification:Package '.' with type 'ros.ament_cmake' and name 'mas_solarsystem'
[1.223s] Level 1:colcon.colcon_core.package_discovery:discover_packages(recursive) using defaults
[1.223s] Level 1:colcon.colcon_core.package_discovery:discover_packages(ignore) discover
[1.223s] Level 1:colcon.colcon_core.package_discovery:discover_packages(ignore) using defaults
[1.223s] Level 1:colcon.colcon_core.package_discovery:discover_packages(path) discover
[1.223s] Level 1:colcon.colcon_core.package_discovery:discover_packages(path) using defaults
[1.293s] Level 1:colcon.colcon_core.package_discovery:discover_packages(prefix_path) check parameters
[1.293s] Level 1:colcon.colcon_core.package_discovery:discover_packages(prefix_path) discover
[1.300s] DEBUG:colcon.colcon_installed_package_information.package_discovery:Found 2 installed packages in /home/khaled/workspace/ros2ws/install
[1.306s] DEBUG:colcon.colcon_installed_package_information.package_discovery:Found 270 installed packages in /opt/ros/humble
[1.312s] Level 1:colcon.colcon_core.package_discovery:discover_packages(prefix_path) using defaults
[1.507s] Level 5:colcon.colcon_core.verb:set package 'mas_solarsystem' build argument 'cmake_args' from command line to 'None'
[1.507s] Level 5:colcon.colcon_core.verb:set package 'mas_solarsystem' build argument 'cmake_target' from command line to 'None'
[1.507s] Level 5:colcon.colcon_core.verb:set package 'mas_solarsystem' build argument 'cmake_target_skip_unavailable' from command line to 'False'
[1.508s] Level 5:colcon.colcon_core.verb:set package 'mas_solarsystem' build argument 'cmake_clean_cache' from command line to 'False'
[1.508s] Level 5:colcon.colcon_core.verb:set package 'mas_solarsystem' build argument 'cmake_clean_first' from command line to 'False'
[1.508s] Level 5:colcon.colcon_core.verb:set package 'mas_solarsystem' build argument 'cmake_force_configure' from command line to 'False'
[1.508s] Level 5:colcon.colcon_core.verb:set package 'mas_solarsystem' build argument 'ament_cmake_args' from command line to 'None'
[1.508s] Level 5:colcon.colcon_core.verb:set package 'mas_solarsystem' build argument 'catkin_cmake_args' from command line to 'None'
[1.508s] Level 5:colcon.colcon_core.verb:set package 'mas_solarsystem' build argument 'catkin_skip_building_tests' from command line to 'False'
[1.508s] DEBUG:colcon.colcon_core.verb:Building package 'mas_solarsystem' with the following arguments: {'ament_cmake_args': None, 'build_base': '/home/khaled/workspace/ros2ws/src/ros2/mas_solarsystem/build/mas_solarsystem', 'catkin_cmake_args': None, 'catkin_skip_building_tests': False, 'cmake_args': None, 'cmake_clean_cache': False, 'cmake_clean_first': False, 'cmake_force_configure': False, 'cmake_target': None, 'cmake_target_skip_unavailable': False, 'install_base': '/home/khaled/workspace/ros2ws/src/ros2/mas_solarsystem/install/mas_solarsystem', 'merge_install': False, 'path': '/home/khaled/workspace/ros2ws/src/ros2/mas_solarsystem', 'symlink_install': False, 'test_result_base': None}
[1.510s] INFO:colcon.colcon_core.executor:Executing jobs using 'parallel' executor
[1.520s] DEBUG:colcon.colcon_parallel_executor.executor.parallel:run_until_complete
[1.520s] INFO:colcon.colcon_ros.task.ament_cmake.build:Building ROS package in '/home/khaled/workspace/ros2ws/src/ros2/mas_solarsystem' with build type 'ament_cmake'
[1.521s] INFO:colcon.colcon_cmake.task.cmake.build:Building CMake package in '/home/khaled/workspace/ros2ws/src/ros2/mas_solarsystem'
[1.532s] INFO:colcon.colcon_core.plugin_system:Skipping extension 'colcon_core.shell.bat': Not used on non-Windows systems
[1.532s] INFO:colcon.colcon_core.shell:Skip shell extension 'powershell' for command environment: Not usable outside of PowerShell
[1.532s] DEBUG:colcon.colcon_core.shell:Skip shell extension 'dsv' for command environment
[1.577s] DEBUG:colcon.colcon_core.event_handler.log_command:Invoking command in '/home/khaled/workspace/ros2ws/src/ros2/mas_solarsystem/build/mas_solarsystem': CMAKE_PREFIX_PATH=${CMAKE_PREFIX_PATH}:/home/khaled/workspace/ros2ws/install/robot_nano_hand_teleop:/opt/ros/humble /usr/bin/cmake --build /home/khaled/workspace/ros2ws/src/ros2/mas_solarsystem/build/mas_solarsystem -- -j2 -l2
[17.142s] DEBUG:colcon.colcon_core.event_handler.log_command:Invoked command in '/home/khaled/workspace/ros2ws/src/ros2/mas_solarsystem/build/mas_solarsystem' returned '2': CMAKE_PREFIX_PATH=${CMAKE_PREFIX_PATH}:/home/khaled/workspace/ros2ws/install/robot_nano_hand_teleop:/opt/ros/humble /usr/bin/cmake --build /home/khaled/workspace/ros2ws/src/ros2/mas_solarsystem/build/mas_solarsystem -- -j2 -l2
[17.236s] Level 1:colcon.colcon_core.environment:create_environment_scripts_only(mas_solarsystem)
[17.249s] Level 1:colcon.colcon_core.environment:checking '/home/khaled/workspace/ros2ws/src/ros2/mas_solarsystem/install/mas_solarsystem' for CMake module files
[17.251s] Level 1:colcon.colcon_core.environment:checking '/home/khaled/workspace/ros2ws/src/ros2/mas_solarsystem/install/mas_solarsystem' for CMake config files
[17.252s] Level 1:colcon.colcon_core.environment:checking '/home/khaled/workspace/ros2ws/src/ros2/mas_solarsystem/install/mas_solarsystem/bin'
[17.252s] Level 1:colcon.colcon_core.environment:checking '/home/khaled/workspace/ros2ws/src/ros2/mas_solarsystem/install/mas_solarsystem/lib/pkgconfig/mas_solarsystem.pc'
[17.253s] Level 1:colcon.colcon_core.environment:checking '/home/khaled/workspace/ros2ws/src/ros2/mas_solarsystem/install/mas_solarsystem/lib/python3.10/site-packages'
[17.254s] Level 1:colcon.colcon_core.environment:checking '/home/khaled/workspace/ros2ws/src/ros2/mas_solarsystem/install/mas_solarsystem/bin'
[17.260s] INFO:colcon.colcon_core.shell:Creating package script '/home/khaled/workspace/ros2ws/src/ros2/mas_solarsystem/install/mas_solarsystem/share/mas_solarsystem/package.ps1'
[17.265s] INFO:colcon.colcon_core.shell:Creating package descriptor '/home/khaled/workspace/ros2ws/src/ros2/mas_solarsystem/install/mas_solarsystem/share/mas_solarsystem/package.dsv'
[17.267s] INFO:colcon.colcon_core.shell:Creating package script '/home/khaled/workspace/ros2ws/src/ros2/mas_solarsystem/install/mas_solarsystem/share/mas_solarsystem/package.sh'
[17.269s] INFO:colcon.colcon_core.shell:Creating package script '/home/khaled/workspace/ros2ws/src/ros2/mas_solarsystem/install/mas_solarsystem/share/mas_solarsystem/package.bash'
[17.272s] INFO:colcon.colcon_core.shell:Creating package script '/home/khaled/workspace/ros2ws/src/ros2/mas_solarsystem/install/mas_solarsystem/share/mas_solarsystem/package.zsh'
[17.275s] Level 1:colcon.colcon_core.environment:create_file_with_runtime_dependencies(/home/khaled/workspace/ros2ws/src/ros2/mas_solarsystem/install/mas_solarsystem/share/colcon-core/packages/mas_solarsystem)
[17.279s] DEBUG:colcon.colcon_parallel_executor.executor.parallel:closing loop
[17.279s] DEBUG:colcon.colcon_parallel_executor.executor.parallel:loop closed
[17.279s] DEBUG:colcon.colcon_parallel_executor.executor.parallel:run_until_complete finished with '2'
[17.280s] DEBUG:colcon.colcon_core.event_reactor:joining thread
[17.294s] INFO:colcon.colcon_core.plugin_system:Skipping extension 'colcon_notification.desktop_notification.terminal_notifier': Not used on non-Darwin systems
[17.294s] INFO:colcon.colcon_core.plugin_system:Skipping extension 'colcon_notification.desktop_notification.win32': Not used on non-Windows systems
[17.294s] INFO:colcon.colcon_notification.desktop_notification:Sending desktop notification using 'notify2'
[17.337s] DEBUG:colcon.colcon_core.event_reactor:joined thread
[17.344s] INFO:colcon.colcon_core.shell:Creating prefix script '/home/khaled/workspace/ros2ws/src/ros2/mas_solarsystem/install/local_setup.ps1'
[17.357s] INFO:colcon.colcon_core.shell:Creating prefix util module '/home/khaled/workspace/ros2ws/src/ros2/mas_solarsystem/install/_local_setup_util_ps1.py'
[17.366s] INFO:colcon.colcon_core.shell:Creating prefix chain script '/home/khaled/workspace/ros2ws/src/ros2/mas_solarsystem/install/setup.ps1'
[17.370s] INFO:colcon.colcon_core.shell:Creating prefix script '/home/khaled/workspace/ros2ws/src/ros2/mas_solarsystem/install/local_setup.sh'
[17.372s] INFO:colcon.colcon_core.shell:Creating prefix util module '/home/khaled/workspace/ros2ws/src/ros2/mas_solarsystem/install/_local_setup_util_sh.py'
[17.374s] INFO:colcon.colcon_core.shell:Creating prefix chain script '/home/khaled/workspace/ros2ws/src/ros2/mas_solarsystem/install/setup.sh'
[17.378s] INFO:colcon.colcon_core.shell:Creating prefix script '/home/khaled/workspace/ros2ws/src/ros2/mas_solarsystem/install/local_setup.bash'
[17.379s] INFO:colcon.colcon_core.shell:Creating prefix chain script '/home/khaled/workspace/ros2ws/src/ros2/mas_solarsystem/install/setup.bash'
[17.383s] INFO:colcon.colcon_core.shell:Creating prefix script '/home/khaled/workspace/ros2ws/src/ros2/mas_solarsystem/install/local_setup.zsh'
[17.385s] INFO:colcon.colcon_core.shell:Creating prefix chain script '/home/khaled/workspace/ros2ws/src/ros2/mas_solarsystem/install/setup.zsh'
