[1.777s] DEBUG:colcon:Command line arguments: ['/usr/bin/colcon', 'build', '--packages-select', 'mas_solarsystem']
[1.777s] DEBUG:colcon:Parsed command line arguments: Namespace(log_base=None, log_level=None, verb_name='build', build_base='build', install_base='install', merge_install=False, symlink_install=False, test_result_base=None, continue_on_error=False, executor='parallel', parallel_workers=2, event_handlers=None, ignore_user_meta=False, metas=['./colcon.meta'], base_paths=['.'], packages_ignore=None, packages_ignore_regex=None, paths=None, packages_up_to=None, packages_up_to_regex=None, packages_above=None, packages_above_and_dependencies=None, packages_above_depth=None, packages_select_by_dep=None, packages_skip_by_dep=None, packages_skip_up_to=None, packages_select_build_failed=False, packages_skip_build_finished=False, packages_select_test_failures=False, packages_skip_test_passed=False, packages_select=['mas_solarsystem'], packages_skip=None, packages_select_regex=None, packages_skip_regex=None, packages_start=None, packages_end=None, allow_overriding=[], cmake_args=None, cmake_target=None, cmake_target_skip_unavailable=False, cmake_clean_cache=False, cmake_clean_first=False, cmake_force_configure=False, ament_cmake_args=None, catkin_cmake_args=None, catkin_skip_building_tests=False, verb_parser=<colcon_defaults.argument_parser.defaults.DefaultArgumentsDecorator object at 0x7f433f0c3d30>, verb_extension=<colcon_core.verb.build.BuildVerb object at 0x7f433f115ba0>, main=<bound method BuildVerb.main of <colcon_core.verb.build.BuildVerb object at 0x7f433f115ba0>>)
[1.914s] Level 1:colcon.colcon_core.package_discovery:discover_packages(colcon_meta) check parameters
[1.914s] Level 1:colcon.colcon_core.package_discovery:discover_packages(recursive) check parameters
[1.914s] Level 1:colcon.colcon_core.package_discovery:discover_packages(ignore) check parameters
[1.914s] Level 1:colcon.colcon_core.package_discovery:discover_packages(path) check parameters
[1.915s] Level 1:colcon.colcon_core.package_discovery:discover_packages(colcon_meta) discover
[1.915s] Level 1:colcon.colcon_core.package_discovery:discover_packages(recursive) discover
[1.915s] INFO:colcon.colcon_core.package_discovery:Crawling recursively for packages in '/home/khaled/workspace/ros2ws/src/ros2/mas_solarsystem'
[1.915s] Level 1:colcon.colcon_core.package_identification:_identify(.) by extensions ['ignore', 'ignore_ament_install']
[1.915s] Level 1:colcon.colcon_core.package_identification:_identify(.) by extension 'ignore'
[1.915s] Level 1:colcon.colcon_core.package_identification:_identify(.) by extension 'ignore_ament_install'
[1.916s] Level 1:colcon.colcon_core.package_identification:_identify(.) by extensions ['colcon_pkg']
[1.916s] Level 1:colcon.colcon_core.package_identification:_identify(.) by extension 'colcon_pkg'
[1.916s] Level 1:colcon.colcon_core.package_identification:_identify(.) by extensions ['colcon_meta']
[1.916s] Level 1:colcon.colcon_core.package_identification:_identify(.) by extension 'colcon_meta'
[1.916s] Level 1:colcon.colcon_core.package_identification:_identify(.) by extensions ['ros']
[1.916s] Level 1:colcon.colcon_core.package_identification:_identify(.) by extension 'ros'
[1.966s] DEBUG:colcon.colcon_core.package_identification:Package '.' with type 'ros.ament_cmake' and name 'mas_solarsystem'
[1.966s] Level 1:colcon.colcon_core.package_discovery:discover_packages(recursive) using defaults
[1.966s] Level 1:colcon.colcon_core.package_discovery:discover_packages(ignore) discover
[1.966s] Level 1:colcon.colcon_core.package_discovery:discover_packages(ignore) using defaults
[1.966s] Level 1:colcon.colcon_core.package_discovery:discover_packages(path) discover
[1.966s] Level 1:colcon.colcon_core.package_discovery:discover_packages(path) using defaults
[2.056s] Level 1:colcon.colcon_core.package_discovery:discover_packages(prefix_path) check parameters
[2.056s] Level 1:colcon.colcon_core.package_discovery:discover_packages(prefix_path) discover
[2.066s] DEBUG:colcon.colcon_installed_package_information.package_discovery:Found 2 installed packages in /home/khaled/workspace/ros2ws/install
[2.073s] DEBUG:colcon.colcon_installed_package_information.package_discovery:Found 270 installed packages in /opt/ros/humble
[2.079s] Level 1:colcon.colcon_core.package_discovery:discover_packages(prefix_path) using defaults
[2.359s] Level 5:colcon.colcon_core.verb:set package 'mas_solarsystem' build argument 'cmake_args' from command line to 'None'
[2.359s] Level 5:colcon.colcon_core.verb:set package 'mas_solarsystem' build argument 'cmake_target' from command line to 'None'
[2.359s] Level 5:colcon.colcon_core.verb:set package 'mas_solarsystem' build argument 'cmake_target_skip_unavailable' from command line to 'False'
[2.359s] Level 5:colcon.colcon_core.verb:set package 'mas_solarsystem' build argument 'cmake_clean_cache' from command line to 'False'
[2.359s] Level 5:colcon.colcon_core.verb:set package 'mas_solarsystem' build argument 'cmake_clean_first' from command line to 'False'
[2.359s] Level 5:colcon.colcon_core.verb:set package 'mas_solarsystem' build argument 'cmake_force_configure' from command line to 'False'
[2.359s] Level 5:colcon.colcon_core.verb:set package 'mas_solarsystem' build argument 'ament_cmake_args' from command line to 'None'
[2.360s] Level 5:colcon.colcon_core.verb:set package 'mas_solarsystem' build argument 'catkin_cmake_args' from command line to 'None'
[2.360s] Level 5:colcon.colcon_core.verb:set package 'mas_solarsystem' build argument 'catkin_skip_building_tests' from command line to 'False'
[2.360s] DEBUG:colcon.colcon_core.verb:Building package 'mas_solarsystem' with the following arguments: {'ament_cmake_args': None, 'build_base': '/home/khaled/workspace/ros2ws/src/ros2/mas_solarsystem/build/mas_solarsystem', 'catkin_cmake_args': None, 'catkin_skip_building_tests': False, 'cmake_args': None, 'cmake_clean_cache': False, 'cmake_clean_first': False, 'cmake_force_configure': False, 'cmake_target': None, 'cmake_target_skip_unavailable': False, 'install_base': '/home/khaled/workspace/ros2ws/src/ros2/mas_solarsystem/install/mas_solarsystem', 'merge_install': False, 'path': '/home/khaled/workspace/ros2ws/src/ros2/mas_solarsystem', 'symlink_install': False, 'test_result_base': None}
[2.362s] INFO:colcon.colcon_core.executor:Executing jobs using 'parallel' executor
[2.372s] DEBUG:colcon.colcon_parallel_executor.executor.parallel:run_until_complete
[2.372s] INFO:colcon.colcon_ros.task.ament_cmake.build:Building ROS package in '/home/khaled/workspace/ros2ws/src/ros2/mas_solarsystem' with build type 'ament_cmake'
[2.373s] INFO:colcon.colcon_cmake.task.cmake.build:Building CMake package in '/home/khaled/workspace/ros2ws/src/ros2/mas_solarsystem'
[2.405s] INFO:colcon.colcon_core.plugin_system:Skipping extension 'colcon_core.shell.bat': Not used on non-Windows systems
[2.405s] INFO:colcon.colcon_core.shell:Skip shell extension 'powershell' for command environment: Not usable outside of PowerShell
[2.406s] DEBUG:colcon.colcon_core.shell:Skip shell extension 'dsv' for command environment
[2.443s] DEBUG:colcon.colcon_core.event_handler.log_command:Invoking command in '/home/khaled/workspace/ros2ws/src/ros2/mas_solarsystem/build/mas_solarsystem': CMAKE_PREFIX_PATH=${CMAKE_PREFIX_PATH}:/home/khaled/workspace/ros2ws/install/robot_nano_hand_teleop:/opt/ros/humble /usr/bin/cmake /home/khaled/workspace/ros2ws/src/ros2/mas_solarsystem -DCMAKE_INSTALL_PREFIX=/home/khaled/workspace/ros2ws/src/ros2/mas_solarsystem/install/mas_solarsystem
[13.306s] DEBUG:colcon.colcon_core.event_handler.log_command:Invoked command in '/home/khaled/workspace/ros2ws/src/ros2/mas_solarsystem/build/mas_solarsystem' returned '0': CMAKE_PREFIX_PATH=${CMAKE_PREFIX_PATH}:/home/khaled/workspace/ros2ws/install/robot_nano_hand_teleop:/opt/ros/humble /usr/bin/cmake /home/khaled/workspace/ros2ws/src/ros2/mas_solarsystem -DCMAKE_INSTALL_PREFIX=/home/khaled/workspace/ros2ws/src/ros2/mas_solarsystem/install/mas_solarsystem
[13.308s] DEBUG:colcon.colcon_core.event_handler.log_command:Invoking command in '/home/khaled/workspace/ros2ws/src/ros2/mas_solarsystem/build/mas_solarsystem': CMAKE_PREFIX_PATH=${CMAKE_PREFIX_PATH}:/home/khaled/workspace/ros2ws/install/robot_nano_hand_teleop:/opt/ros/humble /usr/bin/cmake --build /home/khaled/workspace/ros2ws/src/ros2/mas_solarsystem/build/mas_solarsystem -- -j2 -l2
[34.124s] DEBUG:colcon.colcon_core.event_handler.log_command:Invoked command in '/home/khaled/workspace/ros2ws/src/ros2/mas_solarsystem/build/mas_solarsystem' returned '2': CMAKE_PREFIX_PATH=${CMAKE_PREFIX_PATH}:/home/khaled/workspace/ros2ws/install/robot_nano_hand_teleop:/opt/ros/humble /usr/bin/cmake --build /home/khaled/workspace/ros2ws/src/ros2/mas_solarsystem/build/mas_solarsystem -- -j2 -l2
[34.595s] Level 1:colcon.colcon_core.environment:create_environment_scripts_only(mas_solarsystem)
[34.847s] Level 1:colcon.colcon_core.environment:checking '/home/khaled/workspace/ros2ws/src/ros2/mas_solarsystem/install/mas_solarsystem' for CMake module files
[34.859s] Level 1:colcon.colcon_core.environment:checking '/home/khaled/workspace/ros2ws/src/ros2/mas_solarsystem/install/mas_solarsystem' for CMake config files
[34.908s] Level 1:colcon.colcon_core.environment:checking '/home/khaled/workspace/ros2ws/src/ros2/mas_solarsystem/install/mas_solarsystem/bin'
[34.909s] Level 1:colcon.colcon_core.environment:checking '/home/khaled/workspace/ros2ws/src/ros2/mas_solarsystem/install/mas_solarsystem/lib/pkgconfig/mas_solarsystem.pc'
[34.932s] Level 1:colcon.colcon_core.environment:checking '/home/khaled/workspace/ros2ws/src/ros2/mas_solarsystem/install/mas_solarsystem/lib/python3.10/site-packages'
[34.933s] Level 1:colcon.colcon_core.environment:checking '/home/khaled/workspace/ros2ws/src/ros2/mas_solarsystem/install/mas_solarsystem/bin'
[34.950s] INFO:colcon.colcon_core.shell:Creating package script '/home/khaled/workspace/ros2ws/src/ros2/mas_solarsystem/install/mas_solarsystem/share/mas_solarsystem/package.ps1'
[34.986s] INFO:colcon.colcon_core.shell:Creating package descriptor '/home/khaled/workspace/ros2ws/src/ros2/mas_solarsystem/install/mas_solarsystem/share/mas_solarsystem/package.dsv'
[34.994s] INFO:colcon.colcon_core.shell:Creating package script '/home/khaled/workspace/ros2ws/src/ros2/mas_solarsystem/install/mas_solarsystem/share/mas_solarsystem/package.sh'
[34.999s] INFO:colcon.colcon_core.shell:Creating package script '/home/khaled/workspace/ros2ws/src/ros2/mas_solarsystem/install/mas_solarsystem/share/mas_solarsystem/package.bash'
[35.006s] INFO:colcon.colcon_core.shell:Creating package script '/home/khaled/workspace/ros2ws/src/ros2/mas_solarsystem/install/mas_solarsystem/share/mas_solarsystem/package.zsh'
[35.015s] Level 1:colcon.colcon_core.environment:create_file_with_runtime_dependencies(/home/khaled/workspace/ros2ws/src/ros2/mas_solarsystem/install/mas_solarsystem/share/colcon-core/packages/mas_solarsystem)
[35.046s] DEBUG:colcon.colcon_parallel_executor.executor.parallel:closing loop
[35.052s] DEBUG:colcon.colcon_parallel_executor.executor.parallel:loop closed
[35.057s] DEBUG:colcon.colcon_parallel_executor.executor.parallel:run_until_complete finished with '2'
[35.062s] DEBUG:colcon.colcon_core.event_reactor:joining thread
[35.202s] INFO:colcon.colcon_core.plugin_system:Skipping extension 'colcon_notification.desktop_notification.terminal_notifier': Not used on non-Darwin systems
[35.203s] INFO:colcon.colcon_core.plugin_system:Skipping extension 'colcon_notification.desktop_notification.win32': Not used on non-Windows systems
[35.204s] INFO:colcon.colcon_notification.desktop_notification:Sending desktop notification using 'notify2'
[35.340s] DEBUG:colcon.colcon_core.event_reactor:joined thread
[35.353s] INFO:colcon.colcon_core.shell:Creating prefix script '/home/khaled/workspace/ros2ws/src/ros2/mas_solarsystem/install/local_setup.ps1'
[35.364s] INFO:colcon.colcon_core.shell:Creating prefix util module '/home/khaled/workspace/ros2ws/src/ros2/mas_solarsystem/install/_local_setup_util_ps1.py'
[35.371s] INFO:colcon.colcon_core.shell:Creating prefix chain script '/home/khaled/workspace/ros2ws/src/ros2/mas_solarsystem/install/setup.ps1'
[35.393s] INFO:colcon.colcon_core.shell:Creating prefix script '/home/khaled/workspace/ros2ws/src/ros2/mas_solarsystem/install/local_setup.sh'
[35.397s] INFO:colcon.colcon_core.shell:Creating prefix util module '/home/khaled/workspace/ros2ws/src/ros2/mas_solarsystem/install/_local_setup_util_sh.py'
[35.399s] INFO:colcon.colcon_core.shell:Creating prefix chain script '/home/khaled/workspace/ros2ws/src/ros2/mas_solarsystem/install/setup.sh'
[35.411s] INFO:colcon.colcon_core.shell:Creating prefix script '/home/khaled/workspace/ros2ws/src/ros2/mas_solarsystem/install/local_setup.bash'
[35.413s] INFO:colcon.colcon_core.shell:Creating prefix chain script '/home/khaled/workspace/ros2ws/src/ros2/mas_solarsystem/install/setup.bash'
[35.425s] INFO:colcon.colcon_core.shell:Creating prefix script '/home/khaled/workspace/ros2ws/src/ros2/mas_solarsystem/install/local_setup.zsh'
[35.429s] INFO:colcon.colcon_core.shell:Creating prefix chain script '/home/khaled/workspace/ros2ws/src/ros2/mas_solarsystem/install/setup.zsh'
